[0.944s] DEBUG:colcon:Command line arguments: ['/usr/bin/colcon', 'list', '-p', '--base-paths', '/home/rishith/MRT_ASSIGNMENT_3']
[0.945s] DEBUG:colcon:Parsed command line arguments: Namespace(log_base=None, log_level=None, verb_name='list', build_base='build', ignore_user_meta=False, metas=['./colcon.meta'], base_paths=['/home/rishith/MRT_ASSIGNMENT_3'], packages_ignore=None, packages_ignore_regex=None, paths=None, packages_up_to=None, packages_up_to_regex=None, packages_above=None, packages_above_and_dependencies=None, packages_above_depth=None, packages_select_by_dep=None, packages_skip_by_dep=None, packages_skip_up_to=None, packages_select_build_failed=False, packages_skip_build_finished=False, packages_select_test_failures=False, packages_skip_test_passed=False, packages_select=None, packages_skip=None, packages_select_regex=None, packages_skip_regex=None, packages_start=None, packages_end=None, allow_overriding=[], topological_order=False, names_only=False, paths_only=True, topological_graph=False, topological_graph_dot=False, topological_graph_density=False, topological_graph_legend=False, topological_graph_dot_cluster=False, topological_graph_dot_include_skipped=False, verb_parser=<colcon_defaults.argument_parser.defaults.DefaultArgumentsDecorator object at 0x7f94530e58d0>, verb_extension=<colcon_package_information.verb.list.ListVerb object at 0x7f94530e60b0>, main=<bound method ListVerb.main of <colcon_package_information.verb.list.ListVerb object at 0x7f94530e60b0>>)
[0.990s] Level 1:colcon.colcon_core.package_discovery:discover_packages(colcon_meta) check parameters
[0.991s] Level 1:colcon.colcon_core.package_discovery:discover_packages(recursive) check parameters
[0.991s] Level 1:colcon.colcon_core.package_discovery:discover_packages(ignore) check parameters
[0.991s] Level 1:colcon.colcon_core.package_discovery:discover_packages(path) check parameters
[0.991s] Level 1:colcon.colcon_core.package_discovery:discover_packages(recursive) discover
[0.991s] INFO:colcon.colcon_core.package_discovery:Crawling recursively for packages in '/home/rishith/MRT_ASSIGNMENT_3'
[0.991s] Level 1:colcon.colcon_core.package_identification:_identify(/home/rishith/MRT_ASSIGNMENT_3) by extensions ['ignore', 'ignore_ament_install']
[0.991s] Level 1:colcon.colcon_core.package_identification:_identify(/home/rishith/MRT_ASSIGNMENT_3) by extension 'ignore'
[0.991s] Level 1:colcon.colcon_core.package_identification:_identify(/home/rishith/MRT_ASSIGNMENT_3) by extension 'ignore_ament_install'
[0.991s] Level 1:colcon.colcon_core.package_identification:_identify(/home/rishith/MRT_ASSIGNMENT_3) by extensions ['colcon_pkg']
[0.991s] Level 1:colcon.colcon_core.package_identification:_identify(/home/rishith/MRT_ASSIGNMENT_3) by extension 'colcon_pkg'
[0.991s] Level 1:colcon.colcon_core.package_identification:_identify(/home/rishith/MRT_ASSIGNMENT_3) by extensions ['colcon_meta']
[0.991s] Level 1:colcon.colcon_core.package_identification:_identify(/home/rishith/MRT_ASSIGNMENT_3) by extension 'colcon_meta'
[0.991s] Level 1:colcon.colcon_core.package_identification:_identify(/home/rishith/MRT_ASSIGNMENT_3) by extensions ['ros']
[0.991s] Level 1:colcon.colcon_core.package_identification:_identify(/home/rishith/MRT_ASSIGNMENT_3) by extension 'ros'
[1.002s] Level 1:colcon.colcon_core.package_identification:_identify(/home/rishith/MRT_ASSIGNMENT_3) by extensions ['cmake', 'python']
[1.002s] Level 1:colcon.colcon_core.package_identification:_identify(/home/rishith/MRT_ASSIGNMENT_3) by extension 'cmake'
[1.002s] Level 1:colcon.colcon_core.package_identification:_identify(/home/rishith/MRT_ASSIGNMENT_3) by extension 'python'
[1.002s] Level 1:colcon.colcon_core.package_identification:_identify(/home/rishith/MRT_ASSIGNMENT_3) by extensions ['python_setup_py']
[1.002s] Level 1:colcon.colcon_core.package_identification:_identify(/home/rishith/MRT_ASSIGNMENT_3) by extension 'python_setup_py'
[1.002s] Level 1:colcon.colcon_core.package_identification:_identify(/home/rishith/MRT_ASSIGNMENT_3/build) by extensions ['ignore', 'ignore_ament_install']
[1.002s] Level 1:colcon.colcon_core.package_identification:_identify(/home/rishith/MRT_ASSIGNMENT_3/build) by extension 'ignore'
[1.002s] Level 1:colcon.colcon_core.package_identification:_identify(/home/rishith/MRT_ASSIGNMENT_3/build) ignored
[1.002s] Level 1:colcon.colcon_core.package_identification:_identify(/home/rishith/MRT_ASSIGNMENT_3/install) by extensions ['ignore', 'ignore_ament_install']
[1.003s] Level 1:colcon.colcon_core.package_identification:_identify(/home/rishith/MRT_ASSIGNMENT_3/install) by extension 'ignore'
[1.003s] Level 1:colcon.colcon_core.package_identification:_identify(/home/rishith/MRT_ASSIGNMENT_3/install) ignored
[1.003s] Level 1:colcon.colcon_core.package_identification:_identify(/home/rishith/MRT_ASSIGNMENT_3/log) by extensions ['ignore', 'ignore_ament_install']
[1.003s] Level 1:colcon.colcon_core.package_identification:_identify(/home/rishith/MRT_ASSIGNMENT_3/log) by extension 'ignore'
[1.003s] Level 1:colcon.colcon_core.package_identification:_identify(/home/rishith/MRT_ASSIGNMENT_3/log) ignored
[1.003s] Level 1:colcon.colcon_core.package_identification:_identify(/home/rishith/MRT_ASSIGNMENT_3/src) by extensions ['ignore', 'ignore_ament_install']
[1.003s] Level 1:colcon.colcon_core.package_identification:_identify(/home/rishith/MRT_ASSIGNMENT_3/src) by extension 'ignore'
[1.003s] Level 1:colcon.colcon_core.package_identification:_identify(/home/rishith/MRT_ASSIGNMENT_3/src) by extension 'ignore_ament_install'
[1.003s] Level 1:colcon.colcon_core.package_identification:_identify(/home/rishith/MRT_ASSIGNMENT_3/src) by extensions ['colcon_pkg']
[1.003s] Level 1:colcon.colcon_core.package_identification:_identify(/home/rishith/MRT_ASSIGNMENT_3/src) by extension 'colcon_pkg'
[1.003s] Level 1:colcon.colcon_core.package_identification:_identify(/home/rishith/MRT_ASSIGNMENT_3/src) by extensions ['colcon_meta']
[1.003s] Level 1:colcon.colcon_core.package_identification:_identify(/home/rishith/MRT_ASSIGNMENT_3/src) by extension 'colcon_meta'
[1.003s] Level 1:colcon.colcon_core.package_identification:_identify(/home/rishith/MRT_ASSIGNMENT_3/src) by extensions ['ros']
[1.003s] Level 1:colcon.colcon_core.package_identification:_identify(/home/rishith/MRT_ASSIGNMENT_3/src) by extension 'ros'
[1.003s] Level 1:colcon.colcon_core.package_identification:_identify(/home/rishith/MRT_ASSIGNMENT_3/src) by extensions ['cmake', 'python']
[1.003s] Level 1:colcon.colcon_core.package_identification:_identify(/home/rishith/MRT_ASSIGNMENT_3/src) by extension 'cmake'
[1.004s] Level 1:colcon.colcon_core.package_identification:_identify(/home/rishith/MRT_ASSIGNMENT_3/src) by extension 'python'
[1.004s] Level 1:colcon.colcon_core.package_identification:_identify(/home/rishith/MRT_ASSIGNMENT_3/src) by extensions ['python_setup_py']
[1.004s] Level 1:colcon.colcon_core.package_identification:_identify(/home/rishith/MRT_ASSIGNMENT_3/src) by extension 'python_setup_py'
[1.004s] Level 1:colcon.colcon_core.package_identification:_identify(/home/rishith/MRT_ASSIGNMENT_3/src/CV_CODES) by extensions ['ignore', 'ignore_ament_install']
[1.004s] Level 1:colcon.colcon_core.package_identification:_identify(/home/rishith/MRT_ASSIGNMENT_3/src/CV_CODES) by extension 'ignore'
[1.004s] Level 1:colcon.colcon_core.package_identification:_identify(/home/rishith/MRT_ASSIGNMENT_3/src/CV_CODES) by extension 'ignore_ament_install'
[1.004s] Level 1:colcon.colcon_core.package_identification:_identify(/home/rishith/MRT_ASSIGNMENT_3/src/CV_CODES) by extensions ['colcon_pkg']
[1.004s] Level 1:colcon.colcon_core.package_identification:_identify(/home/rishith/MRT_ASSIGNMENT_3/src/CV_CODES) by extension 'colcon_pkg'
[1.004s] Level 1:colcon.colcon_core.package_identification:_identify(/home/rishith/MRT_ASSIGNMENT_3/src/CV_CODES) by extensions ['colcon_meta']
[1.004s] Level 1:colcon.colcon_core.package_identification:_identify(/home/rishith/MRT_ASSIGNMENT_3/src/CV_CODES) by extension 'colcon_meta'
[1.004s] Level 1:colcon.colcon_core.package_identification:_identify(/home/rishith/MRT_ASSIGNMENT_3/src/CV_CODES) by extensions ['ros']
[1.004s] Level 1:colcon.colcon_core.package_identification:_identify(/home/rishith/MRT_ASSIGNMENT_3/src/CV_CODES) by extension 'ros'
[1.005s] DEBUG:colcon.colcon_core.package_identification:Failed to parse potential ROS package manifest in'/home/rishith/MRT_ASSIGNMENT_3/src/CV_CODES': Error(s) in package '/home/rishith/MRT_ASSIGNMENT_3/src/CV_CODES/package.xml':
The manifest contains invalid XML:
mismatched tag: line 24, column 2
[1.005s] Level 1:colcon.colcon_core.package_identification:_identify(/home/rishith/MRT_ASSIGNMENT_3/src/CV_CODES) by extensions ['cmake', 'python']
[1.005s] Level 1:colcon.colcon_core.package_identification:_identify(/home/rishith/MRT_ASSIGNMENT_3/src/CV_CODES) by extension 'cmake'
[1.005s] Level 1:colcon.colcon_core.package_identification:_identify(/home/rishith/MRT_ASSIGNMENT_3/src/CV_CODES) by extension 'python'
[1.006s] DEBUG:colcon.colcon_core.package_identification:Python package in '/home/rishith/MRT_ASSIGNMENT_3/src/CV_CODES' passes arguments to the setup() function which requires a different identification extension than 'python'
[1.006s] Level 1:colcon.colcon_core.package_identification:_identify(/home/rishith/MRT_ASSIGNMENT_3/src/CV_CODES) by extensions ['python_setup_py']
[1.006s] Level 1:colcon.colcon_core.package_identification:_identify(/home/rishith/MRT_ASSIGNMENT_3/src/CV_CODES) by extension 'python_setup_py'
[1.154s] DEBUG:colcon.colcon_core.package_identification:Package '/home/rishith/MRT_ASSIGNMENT_3/src/CV_CODES' with type 'python' and name 'CV_CODES'
[1.154s] Level 1:colcon.colcon_core.package_discovery:discover_packages(recursive) using defaults
