[0.453s] Invoking command in '/home/rishith/MRT_ASSIGNMENT_3/src/CV_CODES': PYTHONPATH=/home/rishith/MRT_ASSIGNMENT_3/build/CV_CODES/prefix_override:/home/rishith/MRT_ASSIGNMENT_3/install/CV_CODES/lib/python3.10/site-packages:${PYTHONPATH} /usr/bin/python3 setup.py egg_info --egg-base ../../build/CV_CODES build --build-base /home/rishith/MRT_ASSIGNMENT_3/build/CV_CODES/build install --record /home/rishith/MRT_ASSIGNMENT_3/build/CV_CODES/install.log --single-version-externally-managed
[0.600s] running egg_info
[0.600s] writing ../../build/CV_CODES/CV_CODES.egg-info/PKG-INFO
[0.600s] writing dependency_links to ../../build/CV_CODES/CV_CODES.egg-info/dependency_links.txt
[0.601s] writing entry points to ../../build/CV_CODES/CV_CODES.egg-info/entry_points.txt
[0.601s] writing requirements to ../../build/CV_CODES/CV_CODES.egg-info/requires.txt
[0.601s] writing top-level names to ../../build/CV_CODES/CV_CODES.egg-info/top_level.txt
[0.602s] reading manifest file '../../build/CV_CODES/CV_CODES.egg-info/SOURCES.txt'
[0.603s] writing manifest file '../../build/CV_CODES/CV_CODES.egg-info/SOURCES.txt'
[0.603s] running build
[0.603s] running build_py
[0.603s] copying CV_CODES/subscriber.py -> /home/rishith/MRT_ASSIGNMENT_3/build/CV_CODES/build/lib/CV_CODES
[0.603s] running install
[0.603s] running install_lib
[0.604s] copying /home/rishith/MRT_ASSIGNMENT_3/build/CV_CODES/build/lib/CV_CODES/subscriber.py -> /home/rishith/MRT_ASSIGNMENT_3/install/CV_CODES/lib/python3.10/site-packages/CV_CODES
[0.605s] byte-compiling /home/rishith/MRT_ASSIGNMENT_3/install/CV_CODES/lib/python3.10/site-packages/CV_CODES/subscriber.py to subscriber.cpython-310.pyc
[0.605s] running install_data
[0.606s] running install_egg_info
[0.607s] removing '/home/rishith/MRT_ASSIGNMENT_3/install/CV_CODES/lib/python3.10/site-packages/CV_CODES-0.0.0-py3.10.egg-info' (and everything under it)
[0.607s] Copying ../../build/CV_CODES/CV_CODES.egg-info to /home/rishith/MRT_ASSIGNMENT_3/install/CV_CODES/lib/python3.10/site-packages/CV_CODES-0.0.0-py3.10.egg-info
[0.608s] running install_scripts
[0.623s] Installing publisher script to /home/rishith/MRT_ASSIGNMENT_3/install/CV_CODES/lib/CV_CODES
[0.623s] Installing subscriber script to /home/rishith/MRT_ASSIGNMENT_3/install/CV_CODES/lib/CV_CODES
[0.624s] writing list of installed files to '/home/rishith/MRT_ASSIGNMENT_3/build/CV_CODES/install.log'
[0.642s] Invoked command in '/home/rishith/MRT_ASSIGNMENT_3/src/CV_CODES' returned '0': PYTHONPATH=/home/rishith/MRT_ASSIGNMENT_3/build/CV_CODES/prefix_override:/home/rishith/MRT_ASSIGNMENT_3/install/CV_CODES/lib/python3.10/site-packages:${PYTHONPATH} /usr/bin/python3 setup.py egg_info --egg-base ../../build/CV_CODES build --build-base /home/rishith/MRT_ASSIGNMENT_3/build/CV_CODES/build install --record /home/rishith/MRT_ASSIGNMENT_3/build/CV_CODES/install.log --single-version-externally-managed
