[0.585s] DEBUG:colcon:Command line arguments: ['/usr/bin/colcon', 'build']
[0.585s] DEBUG:colcon:Parsed command line arguments: Namespace(log_base=None, log_level=None, verb_name='build', build_base='build', install_base='install', merge_install=False, symlink_install=False, test_result_base=None, continue_on_error=False, executor='parallel', parallel_workers=12, event_handlers=None, ignore_user_meta=False, metas=['./colcon.meta'], base_paths=['.'], packages_ignore=None, packages_ignore_regex=None, paths=None, packages_up_to=None, packages_up_to_regex=None, packages_above=None, packages_above_and_dependencies=None, packages_above_depth=None, packages_select_by_dep=None, packages_skip_by_dep=None, packages_skip_up_to=None, packages_select_build_failed=False, packages_skip_build_finished=False, packages_select_test_failures=False, packages_skip_test_passed=False, packages_select=None, packages_skip=None, packages_select_regex=None, packages_skip_regex=None, packages_start=None, packages_end=None, allow_overriding=[], cmake_args=None, cmake_target=None, cmake_target_skip_unavailable=False, cmake_clean_cache=False, cmake_clean_first=False, cmake_force_configure=False, ament_cmake_args=None, catkin_cmake_args=None, catkin_skip_building_tests=False, verb_parser=<colcon_defaults.argument_parser.defaults.DefaultArgumentsDecorator object at 0x7f374c70bdc0>, verb_extension=<colcon_core.verb.build.BuildVerb object at 0x7f374c8ac160>, main=<bound method BuildVerb.main of <colcon_core.verb.build.BuildVerb object at 0x7f374c8ac160>>)
[0.628s] Level 1:colcon.colcon_core.package_discovery:discover_packages(colcon_meta) check parameters
[0.628s] Level 1:colcon.colcon_core.package_discovery:discover_packages(recursive) check parameters
[0.628s] Level 1:colcon.colcon_core.package_discovery:discover_packages(ignore) check parameters
[0.628s] Level 1:colcon.colcon_core.package_discovery:discover_packages(path) check parameters
[0.628s] Level 1:colcon.colcon_core.package_discovery:discover_packages(colcon_meta) discover
[0.628s] Level 1:colcon.colcon_core.package_discovery:discover_packages(recursive) discover
[0.628s] INFO:colcon.colcon_core.package_discovery:Crawling recursively for packages in '/home/rishith/MRT_ASSIGNMENT_3'
[0.628s] Level 1:colcon.colcon_core.package_identification:_identify(.) by extensions ['ignore', 'ignore_ament_install']
[0.628s] Level 1:colcon.colcon_core.package_identification:_identify(.) by extension 'ignore'
[0.628s] Level 1:colcon.colcon_core.package_identification:_identify(.) by extension 'ignore_ament_install'
[0.628s] Level 1:colcon.colcon_core.package_identification:_identify(.) by extensions ['colcon_pkg']
[0.628s] Level 1:colcon.colcon_core.package_identification:_identify(.) by extension 'colcon_pkg'
[0.628s] Level 1:colcon.colcon_core.package_identification:_identify(.) by extensions ['colcon_meta']
[0.628s] Level 1:colcon.colcon_core.package_identification:_identify(.) by extension 'colcon_meta'
[0.628s] Level 1:colcon.colcon_core.package_identification:_identify(.) by extensions ['ros']
[0.628s] Level 1:colcon.colcon_core.package_identification:_identify(.) by extension 'ros'
[0.635s] Level 1:colcon.colcon_core.package_identification:_identify(.) by extensions ['cmake', 'python']
[0.635s] Level 1:colcon.colcon_core.package_identification:_identify(.) by extension 'cmake'
[0.635s] Level 1:colcon.colcon_core.package_identification:_identify(.) by extension 'python'
[0.635s] Level 1:colcon.colcon_core.package_identification:_identify(.) by extensions ['python_setup_py']
[0.635s] Level 1:colcon.colcon_core.package_identification:_identify(.) by extension 'python_setup_py'
[0.635s] Level 1:colcon.colcon_core.package_identification:_identify(build) by extensions ['ignore', 'ignore_ament_install']
[0.636s] Level 1:colcon.colcon_core.package_identification:_identify(build) by extension 'ignore'
[0.636s] Level 1:colcon.colcon_core.package_identification:_identify(build) ignored
[0.636s] Level 1:colcon.colcon_core.package_identification:_identify(install) by extensions ['ignore', 'ignore_ament_install']
[0.636s] Level 1:colcon.colcon_core.package_identification:_identify(install) by extension 'ignore'
[0.636s] Level 1:colcon.colcon_core.package_identification:_identify(install) ignored
[0.636s] Level 1:colcon.colcon_core.package_identification:_identify(log) by extensions ['ignore', 'ignore_ament_install']
[0.636s] Level 1:colcon.colcon_core.package_identification:_identify(log) by extension 'ignore'
[0.636s] Level 1:colcon.colcon_core.package_identification:_identify(log) ignored
[0.636s] Level 1:colcon.colcon_core.package_identification:_identify(src) by extensions ['ignore', 'ignore_ament_install']
[0.636s] Level 1:colcon.colcon_core.package_identification:_identify(src) by extension 'ignore'
[0.636s] Level 1:colcon.colcon_core.package_identification:_identify(src) by extension 'ignore_ament_install'
[0.636s] Level 1:colcon.colcon_core.package_identification:_identify(src) by extensions ['colcon_pkg']
[0.636s] Level 1:colcon.colcon_core.package_identification:_identify(src) by extension 'colcon_pkg'
[0.636s] Level 1:colcon.colcon_core.package_identification:_identify(src) by extensions ['colcon_meta']
[0.636s] Level 1:colcon.colcon_core.package_identification:_identify(src) by extension 'colcon_meta'
[0.636s] Level 1:colcon.colcon_core.package_identification:_identify(src) by extensions ['ros']
[0.636s] Level 1:colcon.colcon_core.package_identification:_identify(src) by extension 'ros'
[0.636s] Level 1:colcon.colcon_core.package_identification:_identify(src) by extensions ['cmake', 'python']
[0.636s] Level 1:colcon.colcon_core.package_identification:_identify(src) by extension 'cmake'
[0.636s] Level 1:colcon.colcon_core.package_identification:_identify(src) by extension 'python'
[0.636s] Level 1:colcon.colcon_core.package_identification:_identify(src) by extensions ['python_setup_py']
[0.636s] Level 1:colcon.colcon_core.package_identification:_identify(src) by extension 'python_setup_py'
[0.636s] Level 1:colcon.colcon_core.package_identification:_identify(src/CV_CODES) by extensions ['ignore', 'ignore_ament_install']
[0.636s] Level 1:colcon.colcon_core.package_identification:_identify(src/CV_CODES) by extension 'ignore'
[0.636s] Level 1:colcon.colcon_core.package_identification:_identify(src/CV_CODES) by extension 'ignore_ament_install'
[0.636s] Level 1:colcon.colcon_core.package_identification:_identify(src/CV_CODES) by extensions ['colcon_pkg']
[0.636s] Level 1:colcon.colcon_core.package_identification:_identify(src/CV_CODES) by extension 'colcon_pkg'
[0.636s] Level 1:colcon.colcon_core.package_identification:_identify(src/CV_CODES) by extensions ['colcon_meta']
[0.636s] Level 1:colcon.colcon_core.package_identification:_identify(src/CV_CODES) by extension 'colcon_meta'
[0.636s] Level 1:colcon.colcon_core.package_identification:_identify(src/CV_CODES) by extensions ['ros']
[0.636s] Level 1:colcon.colcon_core.package_identification:_identify(src/CV_CODES) by extension 'ros'
[0.638s] DEBUG:colcon.colcon_core.package_identification:Failed to parse potential ROS package manifest in'src/CV_CODES': Error(s) in package 'src/CV_CODES/package.xml':
The manifest contains invalid XML:
mismatched tag: line 24, column 2
[0.638s] Level 1:colcon.colcon_core.package_identification:_identify(src/CV_CODES) by extensions ['cmake', 'python']
[0.638s] Level 1:colcon.colcon_core.package_identification:_identify(src/CV_CODES) by extension 'cmake'
[0.638s] Level 1:colcon.colcon_core.package_identification:_identify(src/CV_CODES) by extension 'python'
[0.638s] DEBUG:colcon.colcon_core.package_identification:Python package in 'src/CV_CODES' passes arguments to the setup() function which requires a different identification extension than 'python'
[0.638s] Level 1:colcon.colcon_core.package_identification:_identify(src/CV_CODES) by extensions ['python_setup_py']
[0.638s] Level 1:colcon.colcon_core.package_identification:_identify(src/CV_CODES) by extension 'python_setup_py'
[0.775s] DEBUG:colcon.colcon_core.package_identification:Package 'src/CV_CODES' with type 'python' and name 'CV_CODES'
[0.775s] Level 1:colcon.colcon_core.package_discovery:discover_packages(recursive) using defaults
[0.775s] Level 1:colcon.colcon_core.package_discovery:discover_packages(ignore) discover
[0.775s] Level 1:colcon.colcon_core.package_discovery:discover_packages(ignore) using defaults
[0.775s] Level 1:colcon.colcon_core.package_discovery:discover_packages(path) discover
[0.775s] Level 1:colcon.colcon_core.package_discovery:discover_packages(path) using defaults
[0.828s] Level 1:colcon.colcon_core.package_discovery:discover_packages(prefix_path) check parameters
[0.828s] Level 1:colcon.colcon_core.package_discovery:discover_packages(prefix_path) discover
[0.843s] DEBUG:colcon.colcon_installed_package_information.package_discovery:Found 1 installed packages in /home/rishith/mrtws/mrt_ws_new/install
[0.850s] DEBUG:colcon.colcon_installed_package_information.package_discovery:Found 270 installed packages in /opt/ros/humble
[0.856s] Level 1:colcon.colcon_core.package_discovery:discover_packages(prefix_path) using defaults
[0.901s] Level 5:colcon.colcon_core.verb:set package 'CV_CODES' build argument 'cmake_args' from command line to 'None'
[0.901s] Level 5:colcon.colcon_core.verb:set package 'CV_CODES' build argument 'cmake_target' from command line to 'None'
[0.901s] Level 5:colcon.colcon_core.verb:set package 'CV_CODES' build argument 'cmake_target_skip_unavailable' from command line to 'False'
[0.901s] Level 5:colcon.colcon_core.verb:set package 'CV_CODES' build argument 'cmake_clean_cache' from command line to 'False'
[0.901s] Level 5:colcon.colcon_core.verb:set package 'CV_CODES' build argument 'cmake_clean_first' from command line to 'False'
[0.901s] Level 5:colcon.colcon_core.verb:set package 'CV_CODES' build argument 'cmake_force_configure' from command line to 'False'
[0.901s] Level 5:colcon.colcon_core.verb:set package 'CV_CODES' build argument 'ament_cmake_args' from command line to 'None'
[0.901s] Level 5:colcon.colcon_core.verb:set package 'CV_CODES' build argument 'catkin_cmake_args' from command line to 'None'
[0.901s] Level 5:colcon.colcon_core.verb:set package 'CV_CODES' build argument 'catkin_skip_building_tests' from command line to 'False'
[0.901s] DEBUG:colcon.colcon_core.verb:Building package 'CV_CODES' with the following arguments: {'ament_cmake_args': None, 'build_base': '/home/rishith/MRT_ASSIGNMENT_3/build/CV_CODES', 'catkin_cmake_args': None, 'catkin_skip_building_tests': False, 'cmake_args': None, 'cmake_clean_cache': False, 'cmake_clean_first': False, 'cmake_force_configure': False, 'cmake_target': None, 'cmake_target_skip_unavailable': False, 'install_base': '/home/rishith/MRT_ASSIGNMENT_3/install/CV_CODES', 'merge_install': False, 'path': '/home/rishith/MRT_ASSIGNMENT_3/src/CV_CODES', 'symlink_install': False, 'test_result_base': None}
[0.907s] INFO:colcon.colcon_core.executor:Executing jobs using 'parallel' executor
[0.914s] DEBUG:colcon.colcon_parallel_executor.executor.parallel:run_until_complete
[0.914s] INFO:colcon.colcon_core.task.python.build:Building Python package in '/home/rishith/MRT_ASSIGNMENT_3/src/CV_CODES'
[0.926s] INFO:colcon.colcon_core.plugin_system:Skipping extension 'colcon_core.shell.bat': Not used on non-Windows systems
[0.926s] INFO:colcon.colcon_core.shell:Skip shell extension 'powershell' for command environment: Not usable outside of PowerShell
[0.926s] DEBUG:colcon.colcon_core.shell:Skip shell extension 'dsv' for command environment
[1.308s] DEBUG:colcon.colcon_core.event_handler.log_command:Invoking command in '/home/rishith/MRT_ASSIGNMENT_3/src/CV_CODES': PYTHONPATH=/home/rishith/MRT_ASSIGNMENT_3/build/CV_CODES/prefix_override:/home/rishith/MRT_ASSIGNMENT_3/install/CV_CODES/lib/python3.10/site-packages:${PYTHONPATH} /usr/bin/python3 setup.py egg_info --egg-base ../../build/CV_CODES build --build-base /home/rishith/MRT_ASSIGNMENT_3/build/CV_CODES/build install --record /home/rishith/MRT_ASSIGNMENT_3/build/CV_CODES/install.log --single-version-externally-managed
[1.475s] DEBUG:colcon.colcon_core.event_handler.log_command:Invoked command in '/home/rishith/MRT_ASSIGNMENT_3/src/CV_CODES' returned '0': PYTHONPATH=/home/rishith/MRT_ASSIGNMENT_3/build/CV_CODES/prefix_override:/home/rishith/MRT_ASSIGNMENT_3/install/CV_CODES/lib/python3.10/site-packages:${PYTHONPATH} /usr/bin/python3 setup.py egg_info --egg-base ../../build/CV_CODES build --build-base /home/rishith/MRT_ASSIGNMENT_3/build/CV_CODES/build install --record /home/rishith/MRT_ASSIGNMENT_3/build/CV_CODES/install.log --single-version-externally-managed
[1.486s] Level 1:colcon.colcon_core.environment:checking '/home/rishith/MRT_ASSIGNMENT_3/install/CV_CODES' for CMake module files
[1.487s] Level 1:colcon.colcon_core.environment:checking '/home/rishith/MRT_ASSIGNMENT_3/install/CV_CODES' for CMake config files
[1.487s] Level 1:colcon.colcon_core.environment:checking '/home/rishith/MRT_ASSIGNMENT_3/install/CV_CODES/lib'
[1.487s] Level 1:colcon.colcon_core.environment:checking '/home/rishith/MRT_ASSIGNMENT_3/install/CV_CODES/bin'
[1.488s] Level 1:colcon.colcon_core.environment:checking '/home/rishith/MRT_ASSIGNMENT_3/install/CV_CODES/lib/pkgconfig/CV_CODES.pc'
[1.488s] Level 1:colcon.colcon_core.environment:checking '/home/rishith/MRT_ASSIGNMENT_3/install/CV_CODES/lib/python3.10/site-packages'
[1.488s] Level 1:colcon.colcon_core.shell:create_environment_hook('CV_CODES', 'pythonpath')
[1.494s] INFO:colcon.colcon_core.shell:Creating environment hook '/home/rishith/MRT_ASSIGNMENT_3/install/CV_CODES/share/CV_CODES/hook/pythonpath.ps1'
[1.495s] INFO:colcon.colcon_core.shell:Creating environment descriptor '/home/rishith/MRT_ASSIGNMENT_3/install/CV_CODES/share/CV_CODES/hook/pythonpath.dsv'
[1.495s] INFO:colcon.colcon_core.shell:Creating environment hook '/home/rishith/MRT_ASSIGNMENT_3/install/CV_CODES/share/CV_CODES/hook/pythonpath.sh'
[1.496s] Level 1:colcon.colcon_core.environment:checking '/home/rishith/MRT_ASSIGNMENT_3/install/CV_CODES/bin'
[1.496s] Level 1:colcon.colcon_core.environment:create_environment_scripts_only(CV_CODES)
[1.502s] INFO:colcon.colcon_core.shell:Creating package script '/home/rishith/MRT_ASSIGNMENT_3/install/CV_CODES/share/CV_CODES/package.ps1'
[1.503s] INFO:colcon.colcon_core.shell:Creating package descriptor '/home/rishith/MRT_ASSIGNMENT_3/install/CV_CODES/share/CV_CODES/package.dsv'
[1.503s] INFO:colcon.colcon_core.shell:Creating package script '/home/rishith/MRT_ASSIGNMENT_3/install/CV_CODES/share/CV_CODES/package.sh'
[1.504s] INFO:colcon.colcon_core.shell:Creating package script '/home/rishith/MRT_ASSIGNMENT_3/install/CV_CODES/share/CV_CODES/package.bash'
[1.504s] INFO:colcon.colcon_core.shell:Creating package script '/home/rishith/MRT_ASSIGNMENT_3/install/CV_CODES/share/CV_CODES/package.zsh'
[1.505s] Level 1:colcon.colcon_core.environment:create_file_with_runtime_dependencies(/home/rishith/MRT_ASSIGNMENT_3/install/CV_CODES/share/colcon-core/packages/CV_CODES)
[1.505s] DEBUG:colcon.colcon_parallel_executor.executor.parallel:closing loop
[1.505s] DEBUG:colcon.colcon_parallel_executor.executor.parallel:loop closed
[1.505s] DEBUG:colcon.colcon_parallel_executor.executor.parallel:run_until_complete finished with '0'
[1.506s] DEBUG:colcon.colcon_core.event_reactor:joining thread
[1.516s] INFO:colcon.colcon_core.plugin_system:Skipping extension 'colcon_notification.desktop_notification.terminal_notifier': Not used on non-Darwin systems
[1.516s] INFO:colcon.colcon_core.plugin_system:Skipping extension 'colcon_notification.desktop_notification.win32': Not used on non-Windows systems
[1.516s] INFO:colcon.colcon_notification.desktop_notification:Sending desktop notification using 'notify2'
[1.528s] DEBUG:colcon.colcon_core.event_reactor:joined thread
[1.535s] INFO:colcon.colcon_core.shell:Creating prefix script '/home/rishith/MRT_ASSIGNMENT_3/install/local_setup.ps1'
[1.536s] INFO:colcon.colcon_core.shell:Creating prefix util module '/home/rishith/MRT_ASSIGNMENT_3/install/_local_setup_util_ps1.py'
[1.536s] INFO:colcon.colcon_core.shell:Creating prefix chain script '/home/rishith/MRT_ASSIGNMENT_3/install/setup.ps1'
[1.544s] INFO:colcon.colcon_core.shell:Creating prefix script '/home/rishith/MRT_ASSIGNMENT_3/install/local_setup.sh'
[1.544s] INFO:colcon.colcon_core.shell:Creating prefix util module '/home/rishith/MRT_ASSIGNMENT_3/install/_local_setup_util_sh.py'
[1.545s] INFO:colcon.colcon_core.shell:Creating prefix chain script '/home/rishith/MRT_ASSIGNMENT_3/install/setup.sh'
[1.552s] INFO:colcon.colcon_core.shell:Creating prefix script '/home/rishith/MRT_ASSIGNMENT_3/install/local_setup.bash'
[1.552s] INFO:colcon.colcon_core.shell:Creating prefix chain script '/home/rishith/MRT_ASSIGNMENT_3/install/setup.bash'
[1.560s] INFO:colcon.colcon_core.shell:Creating prefix script '/home/rishith/MRT_ASSIGNMENT_3/install/local_setup.zsh'
[1.561s] INFO:colcon.colcon_core.shell:Creating prefix chain script '/home/rishith/MRT_ASSIGNMENT_3/install/setup.zsh'
