running egg_info
creating ../../build/CV_CODES/CV_CODES.egg-info
writing ../../build/CV_CODES/CV_CODES.egg-info/PKG-INFO
writing dependency_links to ../../build/CV_CODES/CV_CODES.egg-info/dependency_links.txt
writing entry points to ../../build/CV_CODES/CV_CODES.egg-info/entry_points.txt
writing requirements to ../../build/CV_CODES/CV_CODES.egg-info/requires.txt
writing top-level names to ../../build/CV_CODES/CV_CODES.egg-info/top_level.txt
writing manifest file '../../build/CV_CODES/CV_CODES.egg-info/SOURCES.txt'
reading manifest file '../../build/CV_CODES/CV_CODES.egg-info/SOURCES.txt'
writing manifest file '../../build/CV_CODES/CV_CODES.egg-info/SOURCES.txt'
running build
running build_py
creating /home/rishith/MRT_ASSIGNMENT_3/build/CV_CODES/build
creating /home/rishith/MRT_ASSIGNMENT_3/build/CV_CODES/build/lib
creating /home/rishith/MRT_ASSIGNMENT_3/build/CV_CODES/build/lib/CV_CODES
copying CV_CODES/publisher.py -> /home/rishith/MRT_ASSIGNMENT_3/build/CV_CODES/build/lib/CV_CODES
copying CV_CODES/__init__.py -> /home/rishith/MRT_ASSIGNMENT_3/build/CV_CODES/build/lib/CV_CODES
copying CV_CODES/subscriber.py -> /home/rishith/MRT_ASSIGNMENT_3/build/CV_CODES/build/lib/CV_CODES
running install
running install_lib
creating /home/rishith/MRT_ASSIGNMENT_3/install/CV_CODES/lib/python3.10/site-packages/CV_CODES
copying /home/rishith/MRT_ASSIGNMENT_3/build/CV_CODES/build/lib/CV_CODES/publisher.py -> /home/rishith/MRT_ASSIGNMENT_3/install/CV_CODES/lib/python3.10/site-packages/CV_CODES
copying /home/rishith/MRT_ASSIGNMENT_3/build/CV_CODES/build/lib/CV_CODES/__init__.py -> /home/rishith/MRT_ASSIGNMENT_3/install/CV_CODES/lib/python3.10/site-packages/CV_CODES
copying /home/rishith/MRT_ASSIGNMENT_3/build/CV_CODES/build/lib/CV_CODES/subscriber.py -> /home/rishith/MRT_ASSIGNMENT_3/install/CV_CODES/lib/python3.10/site-packages/CV_CODES
byte-compiling /home/rishith/MRT_ASSIGNMENT_3/install/CV_CODES/lib/python3.10/site-packages/CV_CODES/publisher.py to publisher.cpython-310.pyc
byte-compiling /home/rishith/MRT_ASSIGNMENT_3/install/CV_CODES/lib/python3.10/site-packages/CV_CODES/__init__.py to __init__.cpython-310.pyc
byte-compiling /home/rishith/MRT_ASSIGNMENT_3/install/CV_CODES/lib/python3.10/site-packages/CV_CODES/subscriber.py to subscriber.cpython-310.pyc
running install_data
creating /home/rishith/MRT_ASSIGNMENT_3/install/CV_CODES/share
creating /home/rishith/MRT_ASSIGNMENT_3/install/CV_CODES/share/ament_index
creating /home/rishith/MRT_ASSIGNMENT_3/install/CV_CODES/share/ament_index/resource_index
creating /home/rishith/MRT_ASSIGNMENT_3/install/CV_CODES/share/ament_index/resource_index/packages
copying resource/CV_CODES -> /home/rishith/MRT_ASSIGNMENT_3/install/CV_CODES/share/ament_index/resource_index/packages
creating /home/rishith/MRT_ASSIGNMENT_3/install/CV_CODES/share/CV_CODES
copying package.xml -> /home/rishith/MRT_ASSIGNMENT_3/install/CV_CODES/share/CV_CODES
running install_egg_info
Copying ../../build/CV_CODES/CV_CODES.egg-info to /home/rishith/MRT_ASSIGNMENT_3/install/CV_CODES/lib/python3.10/site-packages/CV_CODES-0.0.0-py3.10.egg-info
running install_scripts
writing list of installed files to '/home/rishith/MRT_ASSIGNMENT_3/build/CV_CODES/install.log'
