[0.405s] Invoking command in '/home/rishith/MRT_ASSIGNMENT_3/src/CV_CODES': PYTHONPATH=/home/rishith/MRT_ASSIGNMENT_3/build/CV_CODES/prefix_override:/home/rishith/MRT_ASSIGNMENT_3/install/CV_CODES/lib/python3.10/site-packages:${PYTHONPATH} /usr/bin/python3 setup.py egg_info --egg-base ../../build/CV_CODES build --build-base /home/rishith/MRT_ASSIGNMENT_3/build/CV_CODES/build install --record /home/rishith/MRT_ASSIGNMENT_3/build/CV_CODES/install.log --single-version-externally-managed
[0.543s] running egg_info
[0.544s] creating ../../build/CV_CODES/CV_CODES.egg-info
[0.544s] writing ../../build/CV_CODES/CV_CODES.egg-info/PKG-INFO
[0.545s] writing dependency_links to ../../build/CV_CODES/CV_CODES.egg-info/dependency_links.txt
[0.545s] writing entry points to ../../build/CV_CODES/CV_CODES.egg-info/entry_points.txt
[0.545s] writing requirements to ../../build/CV_CODES/CV_CODES.egg-info/requires.txt
[0.545s] writing top-level names to ../../build/CV_CODES/CV_CODES.egg-info/top_level.txt
[0.545s] writing manifest file '../../build/CV_CODES/CV_CODES.egg-info/SOURCES.txt'
[0.546s] reading manifest file '../../build/CV_CODES/CV_CODES.egg-info/SOURCES.txt'
[0.546s] writing manifest file '../../build/CV_CODES/CV_CODES.egg-info/SOURCES.txt'
[0.546s] running build
[0.546s] running build_py
[0.547s] creating /home/rishith/MRT_ASSIGNMENT_3/build/CV_CODES/build
[0.547s] creating /home/rishith/MRT_ASSIGNMENT_3/build/CV_CODES/build/lib
[0.547s] creating /home/rishith/MRT_ASSIGNMENT_3/build/CV_CODES/build/lib/CV_CODES
[0.547s] copying CV_CODES/publisher.py -> /home/rishith/MRT_ASSIGNMENT_3/build/CV_CODES/build/lib/CV_CODES
[0.547s] copying CV_CODES/__init__.py -> /home/rishith/MRT_ASSIGNMENT_3/build/CV_CODES/build/lib/CV_CODES
[0.547s] copying CV_CODES/subscriber.py -> /home/rishith/MRT_ASSIGNMENT_3/build/CV_CODES/build/lib/CV_CODES
[0.547s] running install
[0.548s] running install_lib
[0.548s] creating /home/rishith/MRT_ASSIGNMENT_3/install/CV_CODES/lib/python3.10/site-packages/CV_CODES
[0.548s] copying /home/rishith/MRT_ASSIGNMENT_3/build/CV_CODES/build/lib/CV_CODES/publisher.py -> /home/rishith/MRT_ASSIGNMENT_3/install/CV_CODES/lib/python3.10/site-packages/CV_CODES
[0.548s] copying /home/rishith/MRT_ASSIGNMENT_3/build/CV_CODES/build/lib/CV_CODES/__init__.py -> /home/rishith/MRT_ASSIGNMENT_3/install/CV_CODES/lib/python3.10/site-packages/CV_CODES
[0.548s] copying /home/rishith/MRT_ASSIGNMENT_3/build/CV_CODES/build/lib/CV_CODES/subscriber.py -> /home/rishith/MRT_ASSIGNMENT_3/install/CV_CODES/lib/python3.10/site-packages/CV_CODES
[0.548s] byte-compiling /home/rishith/MRT_ASSIGNMENT_3/install/CV_CODES/lib/python3.10/site-packages/CV_CODES/publisher.py to publisher.cpython-310.pyc
[0.548s] byte-compiling /home/rishith/MRT_ASSIGNMENT_3/install/CV_CODES/lib/python3.10/site-packages/CV_CODES/__init__.py to __init__.cpython-310.pyc
[0.548s] byte-compiling /home/rishith/MRT_ASSIGNMENT_3/install/CV_CODES/lib/python3.10/site-packages/CV_CODES/subscriber.py to subscriber.cpython-310.pyc
[0.548s] running install_data
[0.549s] creating /home/rishith/MRT_ASSIGNMENT_3/install/CV_CODES/share
[0.549s] creating /home/rishith/MRT_ASSIGNMENT_3/install/CV_CODES/share/ament_index
[0.549s] creating /home/rishith/MRT_ASSIGNMENT_3/install/CV_CODES/share/ament_index/resource_index
[0.549s] creating /home/rishith/MRT_ASSIGNMENT_3/install/CV_CODES/share/ament_index/resource_index/packages
[0.549s] copying resource/CV_CODES -> /home/rishith/MRT_ASSIGNMENT_3/install/CV_CODES/share/ament_index/resource_index/packages
[0.549s] creating /home/rishith/MRT_ASSIGNMENT_3/install/CV_CODES/share/CV_CODES
[0.549s] copying package.xml -> /home/rishith/MRT_ASSIGNMENT_3/install/CV_CODES/share/CV_CODES
[0.549s] running install_egg_info
[0.550s] Copying ../../build/CV_CODES/CV_CODES.egg-info to /home/rishith/MRT_ASSIGNMENT_3/install/CV_CODES/lib/python3.10/site-packages/CV_CODES-0.0.0-py3.10.egg-info
[0.551s] running install_scripts
[0.565s] writing list of installed files to '/home/rishith/MRT_ASSIGNMENT_3/build/CV_CODES/install.log'
[0.579s] Invoked command in '/home/rishith/MRT_ASSIGNMENT_3/src/CV_CODES' returned '0': PYTHONPATH=/home/rishith/MRT_ASSIGNMENT_3/build/CV_CODES/prefix_override:/home/rishith/MRT_ASSIGNMENT_3/install/CV_CODES/lib/python3.10/site-packages:${PYTHONPATH} /usr/bin/python3 setup.py egg_info --egg-base ../../build/CV_CODES build --build-base /home/rishith/MRT_ASSIGNMENT_3/build/CV_CODES/build install --record /home/rishith/MRT_ASSIGNMENT_3/build/CV_CODES/install.log --single-version-externally-managed
