running egg_info
writing ../../build/CV_CODES/CV_CODES.egg-info/PKG-INFO
writing dependency_links to ../../build/CV_CODES/CV_CODES.egg-info/dependency_links.txt
writing entry points to ../../build/CV_CODES/CV_CODES.egg-info/entry_points.txt
writing requirements to ../../build/CV_CODES/CV_CODES.egg-info/requires.txt
writing top-level names to ../../build/CV_CODES/CV_CODES.egg-info/top_level.txt
reading manifest file '../../build/CV_CODES/CV_CODES.egg-info/SOURCES.txt'
writing manifest file '../../build/CV_CODES/CV_CODES.egg-info/SOURCES.txt'
running build
running build_py
running install
running install_lib
running install_data
copying package.xml -> /home/rishith/MRT_ASSIGNMENT_3/install/CV_CODES/share/CV_CODES
running install_egg_info
removing '/home/rishith/MRT_ASSIGNMENT_3/install/CV_CODES/lib/python3.10/site-packages/CV_CODES-0.0.0-py3.10.egg-info' (and everything under it)
Copying ../../build/CV_CODES/CV_CODES.egg-info to /home/rishith/MRT_ASSIGNMENT_3/install/CV_CODES/lib/python3.10/site-packages/CV_CODES-0.0.0-py3.10.egg-info
running install_scripts
Installing publisher script to /home/rishith/MRT_ASSIGNMENT_3/install/CV_CODES/lib/CV_CODES
Installing subscriber script to /home/rishith/MRT_ASSIGNMENT_3/install/CV_CODES/lib/CV_CODES
writing list of installed files to '/home/rishith/MRT_ASSIGNMENT_3/build/CV_CODES/install.log'
