[0.397s] Invoking command in '/home/rishith/MRT_ASSIGNMENT_3/src/CV_CODES': PYTHONPATH=/home/rishith/MRT_ASSIGNMENT_3/build/CV_CODES/prefix_override:/home/rishith/MRT_ASSIGNMENT_3/install/CV_CODES/lib/python3.10/site-packages:${PYTHONPATH} /usr/bin/python3 setup.py egg_info --egg-base ../../build/CV_CODES build --build-base /home/rishith/MRT_ASSIGNMENT_3/build/CV_CODES/build install --record /home/rishith/MRT_ASSIGNMENT_3/build/CV_CODES/install.log --single-version-externally-managed
[0.524s] running egg_info
[0.525s] writing ../../build/CV_CODES/CV_CODES.egg-info/PKG-INFO
[0.525s] writing dependency_links to ../../build/CV_CODES/CV_CODES.egg-info/dependency_links.txt
[0.525s] writing entry points to ../../build/CV_CODES/CV_CODES.egg-info/entry_points.txt
[0.525s] writing requirements to ../../build/CV_CODES/CV_CODES.egg-info/requires.txt
[0.525s] writing top-level names to ../../build/CV_CODES/CV_CODES.egg-info/top_level.txt
[0.526s] reading manifest file '../../build/CV_CODES/CV_CODES.egg-info/SOURCES.txt'
[0.526s] writing manifest file '../../build/CV_CODES/CV_CODES.egg-info/SOURCES.txt'
[0.527s] running build
[0.527s] running build_py
[0.527s] running install
[0.527s] running install_lib
[0.528s] running install_data
[0.528s] copying package.xml -> /home/rishith/MRT_ASSIGNMENT_3/install/CV_CODES/share/CV_CODES
[0.528s] running install_egg_info
[0.529s] removing '/home/rishith/MRT_ASSIGNMENT_3/install/CV_CODES/lib/python3.10/site-packages/CV_CODES-0.0.0-py3.10.egg-info' (and everything under it)
[0.529s] Copying ../../build/CV_CODES/CV_CODES.egg-info to /home/rishith/MRT_ASSIGNMENT_3/install/CV_CODES/lib/python3.10/site-packages/CV_CODES-0.0.0-py3.10.egg-info
[0.529s] running install_scripts
[0.542s] Installing publisher script to /home/rishith/MRT_ASSIGNMENT_3/install/CV_CODES/lib/CV_CODES
[0.542s] Installing subscriber script to /home/rishith/MRT_ASSIGNMENT_3/install/CV_CODES/lib/CV_CODES
[0.542s] writing list of installed files to '/home/rishith/MRT_ASSIGNMENT_3/build/CV_CODES/install.log'
[0.557s] Invoked command in '/home/rishith/MRT_ASSIGNMENT_3/src/CV_CODES' returned '0': PYTHONPATH=/home/rishith/MRT_ASSIGNMENT_3/build/CV_CODES/prefix_override:/home/rishith/MRT_ASSIGNMENT_3/install/CV_CODES/lib/python3.10/site-packages:${PYTHONPATH} /usr/bin/python3 setup.py egg_info --egg-base ../../build/CV_CODES build --build-base /home/rishith/MRT_ASSIGNMENT_3/build/CV_CODES/build install --record /home/rishith/MRT_ASSIGNMENT_3/build/CV_CODES/install.log --single-version-externally-managed
